2025-05-18 07:36:02,588 - WebFlowAutomator - INFO - Using PyQt6 as UI framework
2025-05-18 07:36:02,588 - WebFlowAutomator - INFO - Starting WebFlow Automator
2025-05-18 07:36:02,589 - WebFlowAutomator - INFO - Checking dependencies...
2025-05-18 07:36:03,960 - WebFlowAutomator - INFO - Installing missing dependencies: ['Faker>=18.0.0', 'pillow>=9.5.0']
2025-05-18 07:36:06,460 - WebFlowAutomator - INFO - Successfully installed Faker>=18.0.0
2025-05-18 07:36:08,878 - WebFlowAutomator - INFO - Successfully installed pillow>=9.5.0
2025-05-18 07:36:08,879 - WebFlowAutomator - INFO - All dependencies installed successfully
2025-05-18 07:36:08,903 - WebFlowAutomator - INFO - First run detected, setting default settings
2025-05-18 07:36:09,046 - WebFlowAutomator - INFO - Loading UI module...
2025-05-18 07:40:58,119 - WebFlowAutomator - INFO - Using PyQt6 as UI framework
2025-05-18 07:40:58,120 - WebFlowAutomator - INFO - Starting WebFlow Automator
2025-05-18 07:40:58,120 - WebFlowAutomator - INFO - Checking dependencies...
2025-05-18 07:40:59,754 - WebFlowAutomator - INFO - Installing missing dependencies: ['Faker>=18.0.0', 'pillow>=9.5.0']
2025-05-18 07:41:03,475 - WebFlowAutomator - INFO - Successfully installed Faker>=18.0.0
2025-05-18 07:41:06,351 - WebFlowAutomator - INFO - Successfully installed pillow>=9.5.0
2025-05-18 07:41:06,351 - WebFlowAutomator - INFO - All dependencies installed successfully
2025-05-18 07:41:06,422 - WebFlowAutomator - INFO - Loading UI module...
2025-05-18 07:45:33,281 - WebFlowAutomator - INFO - Using PyQt6 as UI framework
2025-05-18 07:45:33,281 - WebFlowAutomator - INFO - Starting WebFlow Automator
2025-05-18 07:45:33,282 - WebFlowAutomator - INFO - Checking dependencies...
2025-05-18 07:45:34,166 - WebFlowAutomator - INFO - Installing missing dependencies: ['Faker>=18.0.0', 'pillow>=9.5.0']
2025-05-18 07:45:36,616 - WebFlowAutomator - INFO - Successfully installed Faker>=18.0.0
2025-05-18 07:45:38,995 - WebFlowAutomator - INFO - Successfully installed pillow>=9.5.0
2025-05-18 07:45:38,996 - WebFlowAutomator - INFO - All dependencies installed successfully
2025-05-18 07:45:39,051 - WebFlowAutomator - INFO - Loading UI module...
2025-05-18 07:50:49,152 - WebFlowAutomator - INFO - Using PyQt6 as UI framework
2025-05-18 07:50:49,152 - WebFlowAutomator - INFO - Starting WebFlow Automator
2025-05-18 07:50:49,152 - WebFlowAutomator - INFO - Checking dependencies...
2025-05-18 07:50:50,213 - WebFlowAutomator - INFO - Installing missing dependencies: ['Faker>=18.0.0', 'pillow>=9.5.0']
2025-05-18 07:50:54,358 - WebFlowAutomator - INFO - Successfully installed Faker>=18.0.0
2025-05-18 07:50:57,462 - WebFlowAutomator - INFO - Successfully installed pillow>=9.5.0
2025-05-18 07:50:57,463 - WebFlowAutomator - INFO - All dependencies installed successfully
2025-05-18 07:51:14,029 - WebFlowAutomator - INFO - Using PyQt6 as UI framework
2025-05-18 07:51:14,030 - WebFlowAutomator - INFO - Starting WebFlow Automator
2025-05-18 07:51:14,030 - WebFlowAutomator - INFO - Checking dependencies...
2025-05-18 07:51:15,031 - WebFlowAutomator - INFO - Installing missing dependencies: ['Faker>=18.0.0', 'pillow>=9.5.0']
2025-05-18 07:51:17,856 - WebFlowAutomator - INFO - Successfully installed Faker>=18.0.0
2025-05-18 07:51:20,517 - WebFlowAutomator - INFO - Successfully installed pillow>=9.5.0
2025-05-18 07:51:20,518 - WebFlowAutomator - INFO - All dependencies installed successfully
2025-05-18 07:51:20,578 - WebFlowAutomator - INFO - Loading UI module...
2025-05-18 07:52:15,904 - WebFlowAutomator - INFO - Using PyQt6 as UI framework
2025-05-18 07:52:15,904 - WebFlowAutomator - INFO - Starting WebFlow Automator
2025-05-18 07:52:15,905 - WebFlowAutomator - INFO - Checking dependencies...
2025-05-18 07:52:16,835 - WebFlowAutomator - INFO - Installing missing dependencies: ['Faker>=18.0.0', 'pillow>=9.5.0']
2025-05-18 07:52:19,296 - WebFlowAutomator - INFO - Successfully installed Faker>=18.0.0
2025-05-18 07:52:21,720 - WebFlowAutomator - INFO - Successfully installed pillow>=9.5.0
2025-05-18 07:52:21,720 - WebFlowAutomator - INFO - All dependencies installed successfully
2025-05-18 07:52:21,774 - WebFlowAutomator - INFO - Loading UI module...
2025-05-18 07:52:22,027 - WebFlowAutomator - INFO - Loading automation engine module...
2025-05-18 07:52:22,556 - WebFlowAutomator - INFO - Loading data manager module...
2025-05-18 07:52:22,789 - WebFlowAutomator - INFO - Loading workflow manager module...
2025-05-18 07:57:57,084 - WebFlowAutomator - INFO - Using PyQt6 as UI framework
2025-05-18 07:57:57,085 - WebFlowAutomator - INFO - Starting WebFlow Automator
2025-05-18 07:57:57,085 - WebFlowAutomator - INFO - Checking dependencies...
2025-05-18 07:57:58,200 - WebFlowAutomator - INFO - Installing missing dependencies: ['Faker>=18.0.0', 'pillow>=9.5.0']
2025-05-18 07:58:00,860 - WebFlowAutomator - INFO - Successfully installed Faker>=18.0.0
2025-05-18 07:58:03,266 - WebFlowAutomator - INFO - Successfully installed pillow>=9.5.0
2025-05-18 07:58:03,266 - WebFlowAutomator - INFO - All dependencies installed successfully
2025-05-18 07:58:03,322 - WebFlowAutomator - INFO - Loading UI module...
2025-05-18 07:58:03,518 - WebFlowAutomator - INFO - Loading automation engine module...
2025-05-18 07:58:03,820 - WebFlowAutomator - INFO - Loading data manager module...
2025-05-18 07:58:04,011 - WebFlowAutomator - INFO - Loading workflow manager module...
2025-05-18 08:00:51,058 - WebFlowAutomator - INFO - Using PyQt6 as UI framework
2025-05-18 08:00:51,058 - WebFlowAutomator - INFO - Starting WebFlow Automator
2025-05-18 08:00:51,058 - WebFlowAutomator - INFO - Checking dependencies...
2025-05-18 08:00:51,965 - WebFlowAutomator - INFO - Installing missing dependencies: ['Faker>=18.0.0', 'pillow>=9.5.0']
2025-05-18 08:00:54,581 - WebFlowAutomator - INFO - Successfully installed Faker>=18.0.0
2025-05-18 08:00:57,167 - WebFlowAutomator - INFO - Successfully installed pillow>=9.5.0
2025-05-18 08:00:57,168 - WebFlowAutomator - INFO - All dependencies installed successfully
2025-05-18 08:00:57,222 - WebFlowAutomator - INFO - Loading UI module...
2025-05-18 08:00:57,399 - WebFlowAutomator - INFO - Loading automation engine module...
2025-05-18 08:00:57,693 - WebFlowAutomator - INFO - Loading data manager module...
2025-05-18 08:00:57,847 - WebFlowAutomator - INFO - Loading workflow manager module...
2025-05-18 08:00:58,002 - WebFlowAutomator - INFO - All modules loaded successfully
2025-05-18 08:05:34,518 - WebFlowAutomator - INFO - Using PyQt6 as UI framework
2025-05-18 08:05:34,518 - WebFlowAutomator - INFO - Starting WebFlow Automator
2025-05-18 08:05:34,518 - WebFlowAutomator - INFO - Checking dependencies...
2025-05-18 08:05:35,671 - WebFlowAutomator - INFO - Installing missing dependencies: ['Faker>=18.0.0', 'pillow>=9.5.0']
2025-05-18 08:05:38,677 - WebFlowAutomator - INFO - Successfully installed Faker>=18.0.0
2025-05-18 08:05:41,363 - WebFlowAutomator - INFO - Successfully installed pillow>=9.5.0
2025-05-18 08:05:41,363 - WebFlowAutomator - INFO - All dependencies installed successfully
2025-05-18 08:05:41,422 - WebFlowAutomator - INFO - Loading UI module...
2025-05-18 08:05:41,626 - WebFlowAutomator - INFO - Loading automation engine module...
2025-05-18 08:05:41,950 - WebFlowAutomator - INFO - Loading data manager module...
2025-05-18 08:05:42,148 - WebFlowAutomator - INFO - Loading workflow manager module...
2025-05-18 08:05:42,307 - WebFlowAutomator - INFO - All modules loaded successfully
2025-05-18 08:10:44,107 - WebFlowAutomator - INFO - Using PyQt6 as UI framework
2025-05-18 08:10:44,153 - WebFlowAutomator - INFO - Starting WebFlow Automator
2025-05-18 08:10:44,154 - WebFlowAutomator - INFO - Checking dependencies...
2025-05-18 08:10:45,089 - WebFlowAutomator - INFO - Installing missing dependencies: ['Faker>=18.0.0', 'pillow>=9.5.0']
2025-05-18 08:10:47,683 - WebFlowAutomator - INFO - Successfully installed Faker>=18.0.0
2025-05-18 08:10:50,175 - WebFlowAutomator - INFO - Successfully installed pillow>=9.5.0
2025-05-18 08:10:50,175 - WebFlowAutomator - INFO - All dependencies installed successfully
2025-05-18 08:10:50,233 - WebFlowAutomator - INFO - Loading UI module...
2025-05-18 08:10:50,430 - WebFlowAutomator - INFO - Loading automation engine module...
2025-05-18 08:10:50,707 - WebFlowAutomator - INFO - Loading data manager module...
2025-05-18 08:10:50,852 - WebFlowAutomator - INFO - Loading workflow manager module...
2025-05-18 08:10:50,973 - WebFlowAutomator - INFO - All modules loaded successfully
